<?xml version="1.0" encoding="UTF-8"?>
<testsuite xmlns:xsi="http://www.w3.org/2001/XMLSchema-instance" xsi:noNamespaceSchemaLocation="https://maven.apache.org/surefire/maven-surefire-plugin/xsd/surefire-test-report-3.0.xsd" version="3.0" name="vn.student.shoes.ApplicationTests" time="13.656" tests="1" errors="0" skipped="0" failures="0">
  <properties>
[...]
</properties>
  <testcase name="contextLoads" classname="vn.student.shoes.ApplicationTests" time="0.535">
    <system-out><![CDATA[16:47:33.144 [main] INFO org.springframework.test.context.support.AnnotationConfigContextLoaderUtils -- Could not detect default configuration classes for test class [vn.student.shoes.ApplicationTests]: ApplicationTests does not declare any static, non-private, non-final, nested classes annotated with @Configuration.
16:47:33.354 [main] INFO org.springframework.boot.test.context.SpringBootTestContextBootstrapper -- Found @SpringBootConfiguration vn.student.shoes.Application for test class vn.student.shoes.ApplicationTests
16:47:33.797 [main] INFO org.springframework.boot.devtools.restart.RestartApplicationListener -- Restart disabled due to context in which it is running

  .   ____          _            __ _ _
 /\\ / ___'_ __ _ _(_)_ __  __ _ \ \ \ \
( ( )\___ | '_ | '_| | '_ \/ _` | \ \ \ \
 \\/  ___)| |_)| | | | | || (_| |  ) ) ) )
  '  |____| .__|_| |_|_| |_\__, | / / / /
 =========|_|==============|___/=/_/_/_/

 :: Spring Boot ::                (v3.3.3)

2024-09-29T16:47:34.283+07:00  INFO 28664 --- [vlux-fashion] [           main] v.student.shoes.ApplicationTests   : Starting ApplicationTests using Java 17.0.7 with PID 28664 (started by huyng in D:\Project\Java\vlux-fashion\vlux-fashion-backend)
2024-09-29T16:47:34.287+07:00  INFO 28664 --- [vlux-fashion] [           main] v.student.shoes.ApplicationTests   : No active profile set, falling back to 1 default profile: "default"
2024-09-29T16:47:35.934+07:00  INFO 28664 --- [vlux-fashion] [           main] .s.d.r.c.RepositoryConfigurationDelegate : Bootstrapping Spring Data JPA repositories in DEFAULT mode.
2024-09-29T16:47:36.147+07:00  INFO 28664 --- [vlux-fashion] [           main] .s.d.r.c.RepositoryConfigurationDelegate : Finished Spring Data repository scanning in 193 ms. Found 15 JPA repository interfaces.
2024-09-29T16:47:37.468+07:00  INFO 28664 --- [vlux-fashion] [           main] o.hibernate.jpa.internal.util.LogHelper  : HHH000204: Processing PersistenceUnitInfo [name: default]
2024-09-29T16:47:37.759+07:00  INFO 28664 --- [vlux-fashion] [           main] org.hibernate.Version                    : HHH000412: Hibernate ORM core version 6.5.2.Final
2024-09-29T16:47:37.888+07:00  INFO 28664 --- [vlux-fashion] [           main] o.h.c.internal.RegionFactoryInitiator    : HHH000026: Second-level cache disabled
2024-09-29T16:47:38.620+07:00  INFO 28664 --- [vlux-fashion] [           main] o.s.o.j.p.SpringPersistenceUnitInfo      : No LoadTimeWeaver setup: ignoring JPA class transformer
2024-09-29T16:47:38.740+07:00  INFO 28664 --- [vlux-fashion] [           main] com.zaxxer.hikari.HikariDataSource       : HikariPool-1 - Starting...
2024-09-29T16:47:39.150+07:00  INFO 28664 --- [vlux-fashion] [           main] com.zaxxer.hikari.pool.HikariPool        : HikariPool-1 - Added connection org.postgresql.jdbc.PgConnection@63c99f7
2024-09-29T16:47:39.162+07:00  INFO 28664 --- [vlux-fashion] [           main] com.zaxxer.hikari.HikariDataSource       : HikariPool-1 - Start completed.
2024-09-29T16:47:39.237+07:00  WARN 28664 --- [vlux-fashion] [           main] org.hibernate.orm.deprecation            : HHH90000025: PostgreSQLDialect does not need to be specified explicitly using 'hibernate.dialect' (remove the property setting and it will be selected by default)
2024-09-29T16:47:41.330+07:00  INFO 28664 --- [vlux-fashion] [           main] o.h.e.t.j.p.i.JtaPlatformInitiator       : HHH000489: No JTA platform available (set 'hibernate.transaction.jta.platform' to enable JTA platform integration)
2024-09-29T16:47:41.613+07:00  INFO 28664 --- [vlux-fashion] [           main] j.LocalContainerEntityManagerFactoryBean : Initialized JPA EntityManagerFactory for persistence unit 'default'
2024-09-29T16:47:42.335+07:00  WARN 28664 --- [vlux-fashion] [           main] JpaBaseConfiguration$JpaWebConfiguration : spring.jpa.open-in-view is enabled by default. Therefore, database queries may be performed during view rendering. Explicitly configure spring.jpa.open-in-view to disable this warning
2024-09-29T16:47:43.347+07:00  INFO 28664 --- [vlux-fashion] [           main] eAuthenticationProviderManagerConfigurer : Global AuthenticationManager configured with AuthenticationProvider bean with name authenticationProvider
2024-09-29T16:47:43.348+07:00  WARN 28664 --- [vlux-fashion] [           main] r$InitializeUserDetailsManagerConfigurer : Global AuthenticationManager configured with an AuthenticationProvider bean. UserDetailsService beans will not be used for username/password login. Consider removing the AuthenticationProvider bean. Alternatively, consider using the UserDetailsService in a manually instantiated DaoAuthenticationProvider.
2024-09-29T16:47:43.445+07:00  INFO 28664 --- [vlux-fashion] [           main] com.amazonaws.util.VersionInfoUtils      : The AWS SDK for Java 1.x core runtime is located at file:/C:/Users/huyng/.m2/repository/com/amazonaws/aws-java-sdk-core/1.12.771/aws-java-sdk-core-1.12.771.jar
This message was generated because the AWS_JAVA_V1_PRINT_LOCATION environment variable or aws.java.v1.printLocation system property were set to 'true'.
2024-09-29T16:47:45.268+07:00  INFO 28664 --- [vlux-fashion] [           main] v.student.shoes.ApplicationTests   : Started ApplicationTests in 11.503 seconds (process running for 13.402)
Hibernate: 
    select
        count(*) 
    from
        admin_user au1_0
Hibernate: 
    select
        count(*) 
    from
        banner b1_0
Hibernate: 
    select
        count(*) 
    from
        role r1_0
Hibernate: 
    select
        count(*) 
    from
        product p1_0
]]></system-out>
  </testcase>
</testsuite>